<?xml version="1.0" encoding="UTF-8"?>
<!-- Generated by org.testng.reporters.JUnitXMLReporter -->
<testsuite hostname="DESKTOP-NC448AT" ignored="2" name="Default test(failed)" tests="1" failures="1" timestamp="25 Jun 2021 13:23:36 GMT" time="0.099" errors="0">
  <testcase name="tc1" time="0.027" classname="org.rerun.Rerun">
    <failure type="java.lang.AssertionError" message="expected [true] but found [false]">
      <![CDATA[java.lang.AssertionError: expected [true] but found [false]
at org.rerun.Rerun.tc1(Rerun.java:15)
... Removed 29 stack frames]]>
    </failure>
  </testcase> <!-- tc1 -->
  <testcase name="tc2" time="0.0" classname="org.rerun.Rerun">
    <ignored/>
  </testcase> <!-- tc2 -->
  <testcase name="tc0" time="0.0" classname="org.rerun.Rerun">
    <ignored/>
  </testcase> <!-- tc0 -->
</testsuite> <!-- Default test(failed) -->
