<?xml version="1.0" encoding="UTF-8"?>
<!-- Generated by org.testng.reporters.JUnitXMLReporter -->
<testsuite hostname="DESKTOP-NC448AT" ignored="0" name="Test1" tests="3" failures="0" timestamp="21 Jun 2021 15:59:25 GMT" time="0.119" errors="0">
  <testcase name="tc1" time="0.026" classname="org.testng.parallel.TestSample1"/>
  <testcase name="tc2" time="0.0" classname="org.testng.parallel.TestSample1"/>
  <testcase name="tc3" time="0.0" classname="org.testng.parallel.TestSample1"/>
</testsuite> <!-- Test1 -->
